Jul-19 10:46:06.763 [main] DEBUG nextflow.cli.Launcher - $> nextflow run main.nf -profile singularity --input assets/sra_samples.csv -entry SRA_LIST
Jul-19 10:46:06.904 [main] INFO  nextflow.cli.CmdRun - N E X T F L O W  ~  version 21.10.6
Jul-19 10:46:06.961 [main] INFO  nextflow.cli.CmdRun - Launching `main.nf` [furious_einstein] - revision: ef1e7f30a2
Jul-19 10:46:06.995 [main] DEBUG nextflow.config.ConfigBuilder - Found config local: /scicomp/home-pure/lex0/Documents/amr-tests/phoenix/nextflow.config
Jul-19 10:46:06.998 [main] DEBUG nextflow.config.ConfigBuilder - Parsing config file: /scicomp/home-pure/lex0/Documents/amr-tests/phoenix/nextflow.config
Jul-19 10:46:07.036 [main] DEBUG nextflow.config.ConfigBuilder - Applying config profile: `singularity`
Jul-19 10:46:08.984 [main] DEBUG nextflow.plugin.PluginsFacade - Using Default plugins manager
Jul-19 10:46:09.002 [main] INFO  org.pf4j.DefaultPluginStatusProvider - Enabled plugins: []
Jul-19 10:46:09.005 [main] INFO  org.pf4j.DefaultPluginStatusProvider - Disabled plugins: []
Jul-19 10:46:09.010 [main] INFO  org.pf4j.DefaultPluginManager - PF4J version 3.4.1 in 'deployment' mode
Jul-19 10:46:09.019 [main] DEBUG nextflow.plugin.PluginsFacade - Using Default plugins manager
Jul-19 10:46:10.967 [main] DEBUG nextflow.config.ConfigBuilder - Available config profiles: [cfc_dev, ifb_core, denbi_qbic, genotoul, alice, mjolnir_globe, uppmax, abims, nihbiowulf, nu_genomics, oist, sahmri, mpcdf, leicester, lugh, vsc_ugent, sage, cambridge, unibe_ibu, vai, podman, czbiohub_aws, jax, cheaha, ccga_med, test, google, aspen, computerome, seg_globe, sanger, test_pass, pasteur, test_full, eddie, azurebatch, bi, bigpurple, cedars, docker, gis, eva, utd_ganymede, charliecloud, fgcz, conda, singularity, icr_davros, munin, rosalind, prince, hasta, hebbe, cfc, utd_sysbio, uzh, debug, genouest, cbe, ebc, ccga_dx, crick, marvin, HPC_Custom, phoenix, biohpc_gen, shifter, awsbatch, uct_hpc, imperial, maestro, aws_tower, binac]
Jul-19 10:46:11.093 [main] DEBUG nextflow.plugin.PluginsFacade - Setting up plugin manager > mode=prod; plugins-dir=/scicomp/home-pure/lex0/.nextflow/plugins
Jul-19 10:46:11.112 [main] DEBUG nextflow.plugin.PluginsFacade - Plugins default=[]
Jul-19 10:46:11.126 [main] INFO  org.pf4j.DefaultPluginStatusProvider - Enabled plugins: []
Jul-19 10:46:11.128 [main] INFO  org.pf4j.DefaultPluginStatusProvider - Disabled plugins: []
Jul-19 10:46:11.131 [main] INFO  org.pf4j.DefaultPluginManager - PF4J version 3.4.1 in 'deployment' mode
Jul-19 10:46:11.147 [main] INFO  org.pf4j.AbstractPluginManager - No plugins
Jul-19 10:46:11.239 [main] DEBUG nextflow.Session - Session uuid: 7a06a42e-e0d0-4783-bec2-4535385729f5
Jul-19 10:46:11.239 [main] DEBUG nextflow.Session - Run name: furious_einstein
Jul-19 10:46:11.240 [main] DEBUG nextflow.Session - Executor pool size: 16
Jul-19 10:46:11.349 [main] DEBUG nextflow.cli.CmdRun - 
  Version: 21.10.6 build 5660
  Created: 21-12-2021 16:55 UTC (11:55 EDT)
  System: Linux 3.10.0-1160.66.1.el7.x86_64
  Runtime: Groovy 3.0.9 on OpenJDK 64-Bit Server VM 1.8.0_312-b07
  Encoding: UTF-8 (UTF-8)
  Process: 127150@login02.aspen.biotech.cdc.gov [158.111.36.106]
  CPUs: 16 - Mem: 125.7 GB (667.9 MB) - Swap: 4 GB (3 GB)
Jul-19 10:46:11.473 [main] DEBUG nextflow.Session - Work-dir: /scicomp/home-pure/lex0/Documents/amr-tests/phoenix/work [nfs]
Jul-19 10:46:11.583 [main] DEBUG nextflow.executor.ExecutorFactory - Extension executors providers=[]
Jul-19 10:46:11.601 [main] DEBUG nextflow.Session - Observer factory: DefaultObserverFactory
Jul-19 10:46:11.911 [main] DEBUG nextflow.util.CustomThreadPool - Creating default thread pool > poolSize: 17; maxThreads: 1000
Jul-19 10:46:12.191 [main] DEBUG nextflow.Session - Session start invoked
Jul-19 10:46:12.198 [main] DEBUG nextflow.trace.TraceFileObserver - Flow starting -- trace file: /scicomp/home-pure/lex0/Documents/amr-tests/phoenix/results/pipeline_info/execution_trace_2022-07-19_10-46-10.txt
Jul-19 10:46:12.238 [main] DEBUG nextflow.Session - Using default localLib path: /scicomp/home-pure/lex0/Documents/amr-tests/phoenix/lib
Jul-19 10:46:12.247 [main] DEBUG nextflow.Session - Adding to the classpath library: /scicomp/home-pure/lex0/Documents/amr-tests/phoenix/lib
Jul-19 10:46:12.249 [main] DEBUG nextflow.Session - Adding to the classpath library: /scicomp/home-pure/lex0/Documents/amr-tests/phoenix/lib/nfcore_external_java_deps.jar
Jul-19 10:46:13.560 [main] DEBUG nextflow.script.ScriptRunner - > Launching execution
Jul-19 10:46:14.092 [main] WARN  nextflow.Nextflow - Found unexpected parameters:
* --singularity_pull_docker_container: false
* --publish_dir_mode: copy
* --new_samplesheet: /scicomp/home-pure/lex0/Documents/amr-tests/phoenix/assets/sra_samples.csv
* --busco_db_path: null
* --kraken2db: null
Jul-19 10:46:14.093 [main] INFO  nextflow.Nextflow - - [2mIgnore this warning: params.schema_ignore_params = "singularity_pull_docker_container,publish_dir_mode,new_samplesheet,busco_db_path,kraken2db" [0m
Jul-19 10:46:14.125 [main] INFO  nextflow.Nextflow - 

-[2m----------------------------------------------------[0m-
[1;91m  ___                           _____       [0m
[1;91m |   \  |   |   __   ___  |\  |   |    \  / [0m
[1;91m |___/  |___|  /  \ |___  | \ |   |     \/  [0m
[1;91m |      |   |  \__/ |___  |  \| __|__  /  \ [0m
[1;91m                                                        [0m
[1;96m  CDCgov/phoenix v1.0.0[0m
-[2m----------------------------------------------------[0m-
[1mCore Nextflow options[0m
  [0;34mrunName                          : [0;32mfurious_einstein[0m
  [0;34mcontainerEngine                  : [0;32msingularity[0m
  [0;34mlaunchDir                        : [0;32m/scicomp/home-pure/lex0/Documents/amr-tests/phoenix[0m
  [0;34mworkDir                          : [0;32m/scicomp/home-pure/lex0/Documents/amr-tests/phoenix/work[0m
  [0;34mprojectDir                       : [0;32m/scicomp/home-pure/lex0/Documents/amr-tests/phoenix[0m
  [0;34muserName                         : [0;32mlex0[0m
  [0;34mprofile                          : [0;32msingularity[0m
  [0;34mconfigFiles                      : [0;32m/scicomp/home-pure/lex0/Documents/amr-tests/phoenix/nextflow.config[0m

[1mInput/output options[0m
  [0;34minput                            : [0;32massets/sra_samples.csv[0m

[1mOther parameters[0m
  [0;34mkraken2db                        : [0;32mnull[0m
  [0;34mbusco_db_path                    : [0;32mnull[0m
  [0;34mbusco_config                     : [0;32m/scicomp/home-pure/lex0/Documents/amr-tests/phoenix/conf/modules.config[0m
  [0;34msingularity_pull_docker_container: [0;32mfalse[0m

!! Only displaying parameters that differ from the pipeline defaults !!
-[2m----------------------------------------------------[0m-
If you use CDCgov/phoenix for your analysis please cite:

* The nf-core framework
  https://doi.org/10.1038/s41587-020-0439-x

* Software dependencies
  https://github.com/CDCgov/phoenix/blob/master/CITATIONS.md
-[2m----------------------------------------------------[0m-
Jul-19 10:46:31.188 [main] DEBUG nextflow.script.ProcessConfig - Config settings `withLabel:process_low` matches labels `process_low` for process with name SRA_LIST:SRA_PHOENIX:GET_SRA:SRATOOLS_PREFETCH
Jul-19 10:46:31.212 [main] DEBUG nextflow.executor.ExecutorFactory - << taskConfig executor: null
Jul-19 10:46:31.213 [main] DEBUG nextflow.executor.ExecutorFactory - >> processorType: 'local'
Jul-19 10:46:31.220 [main] DEBUG nextflow.executor.Executor - [warm up] executor > local
Jul-19 10:46:31.230 [main] DEBUG n.processor.LocalPollingMonitor - Creating local task monitor for executor 'local' > cpus=16; memory=125.7 GB; capacity=16; pollInterval=100ms; dumpInterval=5m
Jul-19 10:46:31.260 [main] DEBUG nextflow.util.CustomThreadPool - Creating default thread pool > poolSize: 17; maxThreads: 1000
Jul-19 10:46:31.795 [main] DEBUG nextflow.script.ProcessConfig - Config settings `withLabel:process_medium` matches labels `process_medium` for process with name SRA_LIST:SRA_PHOENIX:GET_SRA:SRATOOLS_FASTERQDUMP
Jul-19 10:46:31.795 [main] DEBUG nextflow.script.ProcessConfig - Config settings `withName:SRATOOLS_FASTERQDUMP` matches process SRA_LIST:SRA_PHOENIX:GET_SRA:SRATOOLS_FASTERQDUMP
Jul-19 10:46:31.798 [main] DEBUG nextflow.executor.ExecutorFactory - << taskConfig executor: null
Jul-19 10:46:31.798 [main] DEBUG nextflow.executor.ExecutorFactory - >> processorType: 'local'
Jul-19 10:46:31.808 [main] WARN  nextflow.script.ScriptBinding - Access to undefined parameter `results` -- Initialise it to a default value eg. `params.results = some_value`
Jul-19 10:46:31.812 [main] DEBUG nextflow.script.ProcessConfig - Config settings `withLabel:process_low` matches labels `process_low` for process with name SRA_LIST:SRA_PHOENIX:GET_SRA:RENAME_SRA_FASTA
Jul-19 10:46:31.815 [main] DEBUG nextflow.Session - Session aborted -- Cause: A process input channel evaluates to null -- Invalid declaration `path fastqs`
Jul-19 10:46:31.849 [main] DEBUG nextflow.Session - The following nodes are still active:
  [operator] mix
  [operator] mix

Jul-19 10:46:31.870 [main] ERROR nextflow.cli.Launcher - A process input channel evaluates to null -- Invalid declaration `path fastqs`
java.lang.IllegalArgumentException: A process input channel evaluates to null -- Invalid declaration `path fastqs`
	at sun.reflect.NativeConstructorAccessorImpl.newInstance0(Native Method)
	at sun.reflect.NativeConstructorAccessorImpl.newInstance(NativeConstructorAccessorImpl.java:62)
	at sun.reflect.DelegatingConstructorAccessorImpl.newInstance(DelegatingConstructorAccessorImpl.java:45)
	at java.lang.reflect.Constructor.newInstance(Constructor.java:423)
	at org.codehaus.groovy.reflection.CachedConstructor.invoke(CachedConstructor.java:72)
	at org.codehaus.groovy.runtime.callsite.ConstructorSite$ConstructorSiteNoUnwrapNoCoerce.callConstructor(ConstructorSite.java:105)
	at org.codehaus.groovy.runtime.callsite.CallSiteArray.defaultCallConstructor(CallSiteArray.java:59)
	at org.codehaus.groovy.runtime.callsite.AbstractCallSite.callConstructor(AbstractCallSite.java:263)
	at org.codehaus.groovy.runtime.callsite.AbstractCallSite.callConstructor(AbstractCallSite.java:277)
	at nextflow.script.params.BaseInParam.checkFromNotNull(BaseInParam.groovy:170)
	at sun.reflect.NativeMethodAccessorImpl.invoke0(Native Method)
	at sun.reflect.NativeMethodAccessorImpl.invoke(NativeMethodAccessorImpl.java:62)
	at sun.reflect.DelegatingMethodAccessorImpl.invoke(DelegatingMethodAccessorImpl.java:43)
	at java.lang.reflect.Method.invoke(Method.java:498)
	at org.codehaus.groovy.runtime.callsite.PlainObjectMetaMethodSite.doInvoke(PlainObjectMetaMethodSite.java:43)
	at org.codehaus.groovy.runtime.callsite.PogoMetaMethodSite$PogoCachedMethodSiteNoUnwrapNoCoerce.invoke(PogoMetaMethodSite.java:193)
	at org.codehaus.groovy.runtime.callsite.PogoMetaMethodSite.callCurrent(PogoMetaMethodSite.java:61)
	at org.codehaus.groovy.runtime.callsite.CallSiteArray.defaultCallCurrent(CallSiteArray.java:51)
	at org.codehaus.groovy.runtime.callsite.PogoMetaMethodSite.callCurrent(PogoMetaMethodSite.java:66)
	at org.codehaus.groovy.runtime.callsite.AbstractCallSite.callCurrent(AbstractCallSite.java:185)
	at nextflow.script.params.BaseInParam.setFrom(BaseInParam.groovy:181)
	at nextflow.script.ProcessDef.run(ProcessDef.groovy:176)
	at nextflow.script.BindableDef.invoke_a(BindableDef.groovy:52)
	at nextflow.script.ComponentDef.invoke_o(ComponentDef.groovy:41)
	at nextflow.script.WorkflowBinding.invokeMethod(WorkflowBinding.groovy:94)
	at org.codehaus.groovy.runtime.metaclass.ClosureMetaClass.invokeOnDelegationObjects(ClosureMetaClass.java:408)
	at org.codehaus.groovy.runtime.metaclass.ClosureMetaClass.invokeMethod(ClosureMetaClass.java:350)
	at org.codehaus.groovy.runtime.callsite.PogoMetaClassSite.callCurrent(PogoMetaClassSite.java:61)
	at org.codehaus.groovy.runtime.callsite.CallSiteArray.defaultCallCurrent(CallSiteArray.java:51)
	at org.codehaus.groovy.runtime.callsite.AbstractCallSite.callCurrent(AbstractCallSite.java:171)
	at org.codehaus.groovy.runtime.callsite.AbstractCallSite.callCurrent(AbstractCallSite.java:194)
	at Script_7f8d1712$_runScript_closure1$_closure2.doCall(Script_7f8d1712:30)
	at sun.reflect.NativeMethodAccessorImpl.invoke0(Native Method)
	at sun.reflect.NativeMethodAccessorImpl.invoke(NativeMethodAccessorImpl.java:62)
	at sun.reflect.DelegatingMethodAccessorImpl.invoke(DelegatingMethodAccessorImpl.java:43)
	at java.lang.reflect.Method.invoke(Method.java:498)
	at org.codehaus.groovy.reflection.CachedMethod.invoke(CachedMethod.java:107)
	at groovy.lang.MetaMethod.doMethodInvoke(MetaMethod.java:323)
	at org.codehaus.groovy.runtime.metaclass.ClosureMetaClass.invokeMethod(ClosureMetaClass.java:274)
	at groovy.lang.MetaClassImpl.invokeMethod(MetaClassImpl.java:1035)
	at groovy.lang.Closure.call(Closure.java:412)
	at groovy.lang.Closure.call(Closure.java:406)
	at nextflow.script.WorkflowDef.run0(WorkflowDef.groovy:186)
	at nextflow.script.WorkflowDef.run(WorkflowDef.groovy:170)
	at nextflow.script.BindableDef.invoke_a(BindableDef.groovy:52)
	at nextflow.script.ComponentDef.invoke_o(ComponentDef.groovy:41)
	at nextflow.script.WorkflowBinding.invokeMethod(WorkflowBinding.groovy:94)
	at org.codehaus.groovy.runtime.metaclass.ClosureMetaClass.invokeOnDelegationObjects(ClosureMetaClass.java:408)
	at org.codehaus.groovy.runtime.metaclass.ClosureMetaClass.invokeMethod(ClosureMetaClass.java:350)
	at org.codehaus.groovy.runtime.callsite.PogoMetaClassSite.callCurrent(PogoMetaClassSite.java:61)
	at org.codehaus.groovy.runtime.callsite.CallSiteArray.defaultCallCurrent(CallSiteArray.java:51)
	at org.codehaus.groovy.runtime.callsite.AbstractCallSite.callCurrent(AbstractCallSite.java:171)
	at org.codehaus.groovy.runtime.callsite.AbstractCallSite.callCurrent(AbstractCallSite.java:185)
	at Script_67b48b6e$_runScript_closure1$_closure3.doCall(Script_67b48b6e:105)
	at sun.reflect.NativeMethodAccessorImpl.invoke0(Native Method)
	at sun.reflect.NativeMethodAccessorImpl.invoke(NativeMethodAccessorImpl.java:62)
	at sun.reflect.DelegatingMethodAccessorImpl.invoke(DelegatingMethodAccessorImpl.java:43)
	at java.lang.reflect.Method.invoke(Method.java:498)
	at org.codehaus.groovy.reflection.CachedMethod.invoke(CachedMethod.java:107)
	at groovy.lang.MetaMethod.doMethodInvoke(MetaMethod.java:323)
	at org.codehaus.groovy.runtime.metaclass.ClosureMetaClass.invokeMethod(ClosureMetaClass.java:274)
	at groovy.lang.MetaClassImpl.invokeMethod(MetaClassImpl.java:1035)
	at groovy.lang.Closure.call(Closure.java:412)
	at groovy.lang.Closure.call(Closure.java:406)
	at nextflow.script.WorkflowDef.run0(WorkflowDef.groovy:186)
	at nextflow.script.WorkflowDef.run(WorkflowDef.groovy:170)
	at nextflow.script.BindableDef.invoke_a(BindableDef.groovy:52)
	at nextflow.script.ComponentDef.invoke_o(ComponentDef.groovy:41)
	at nextflow.script.WorkflowBinding.invokeMethod(WorkflowBinding.groovy:94)
	at org.codehaus.groovy.runtime.metaclass.ClosureMetaClass.invokeOnDelegationObjects(ClosureMetaClass.java:408)
	at org.codehaus.groovy.runtime.metaclass.ClosureMetaClass.invokeMethod(ClosureMetaClass.java:350)
	at org.codehaus.groovy.runtime.callsite.PogoMetaClassSite.callCurrent(PogoMetaClassSite.java:61)
	at org.codehaus.groovy.runtime.callsite.CallSiteArray.defaultCallCurrent(CallSiteArray.java:51)
	at org.codehaus.groovy.runtime.callsite.AbstractCallSite.callCurrent(AbstractCallSite.java:171)
	at org.codehaus.groovy.runtime.callsite.AbstractCallSite.callCurrent(AbstractCallSite.java:176)
	at Script_2f213e70$_runScript_closure3$_closure6.doCall(Script_2f213e70:63)
	at sun.reflect.NativeMethodAccessorImpl.invoke0(Native Method)
	at sun.reflect.NativeMethodAccessorImpl.invoke(NativeMethodAccessorImpl.java:62)
	at sun.reflect.DelegatingMethodAccessorImpl.invoke(DelegatingMethodAccessorImpl.java:43)
	at java.lang.reflect.Method.invoke(Method.java:498)
	at org.codehaus.groovy.reflection.CachedMethod.invoke(CachedMethod.java:107)
	at groovy.lang.MetaMethod.doMethodInvoke(MetaMethod.java:323)
	at org.codehaus.groovy.runtime.metaclass.ClosureMetaClass.invokeMethod(ClosureMetaClass.java:274)
	at groovy.lang.MetaClassImpl.invokeMethod(MetaClassImpl.java:1035)
	at groovy.lang.Closure.call(Closure.java:412)
	at groovy.lang.Closure.call(Closure.java:406)
	at nextflow.script.WorkflowDef.run0(WorkflowDef.groovy:186)
	at nextflow.script.WorkflowDef.run(WorkflowDef.groovy:170)
	at nextflow.script.BindableDef.invoke_a(BindableDef.groovy:52)
	at nextflow.script.ChainableDef$invoke_a.call(Unknown Source)
	at org.codehaus.groovy.runtime.callsite.CallSiteArray.defaultCall(CallSiteArray.java:47)
	at org.codehaus.groovy.runtime.callsite.AbstractCallSite.call(AbstractCallSite.java:125)
	at org.codehaus.groovy.runtime.callsite.AbstractCallSite.call(AbstractCallSite.java:139)
	at nextflow.script.BaseScript.runDsl2(BaseScript.groovy:191)
	at nextflow.script.BaseScript.run(BaseScript.groovy:200)
	at nextflow.script.ScriptParser.runScript(ScriptParser.groovy:221)
	at nextflow.script.ScriptRunner.run(ScriptRunner.groovy:212)
	at nextflow.script.ScriptRunner.execute(ScriptRunner.groovy:120)
	at nextflow.cli.CmdRun.run(CmdRun.groovy:308)
	at nextflow.cli.Launcher.run(Launcher.groovy:480)
	at nextflow.cli.Launcher.main(Launcher.groovy:639)
